VirtualBox COM Server 4.3.12_OSE r2807 win.amd64 (Jan 20 2017 20:57:39) release log
00:00:00.001000 main     Log opened 2017-05-01T01:24:47.394700500Z
00:00:00.001000 main     Build Type: release
00:00:00.001000 main     OS Product: Windows 7
00:00:00.001000 main     OS Release: 6.1.7601
00:00:00.001000 main     OS Service Pack: 1
00:00:00.012000 main     DMI Product Name: Veriton M4640G
00:00:00.016000 main     DMI Product Version:         
00:00:00.016000 main     Host RAM: 16280MB total, 13061MB available
00:00:00.016000 main     Executable: C:\Program Files (x86)\Bignox\BigNoxVM\RT\NoxVMSVC.exe
00:00:00.016000 main     Process ID: 5036
00:00:00.016000 main     Package type: WINDOWS_64BITS_GENERIC (OSE)
00:00:00.017000          Loading settings file "C:\Users\user/.BigNox\BigNoxVM.xml" with version "1.12-windows"
00:00:00.017000          USBLibInit: USB Service not found
00:00:00.018000          failed to get the sun_VBoxNetFlt component, error (0x1)
00:00:00.020000          HostDnsMonitorProxy: Host's DNS information updated:
00:00:00.020000          DNS server 1: 192.168.99.3
00:00:00.020000          DNS server 2: 192.168.99.4
00:00:00.020000          DNS domain: H607.asia.edu.tw
00:00:00.020000          VDInit finished
00:00:00.020000          ERROR [COM]: aRC=E_FAIL (0x80004005) aIID={d9e7df74-e5b2-4465-a649-8b79c03cf6e7} aComponent={SystemProperties} aText={Cannot determine default Guest Additions ISO location. Most likely they are not available}, preserve=false
00:00:00.021000          Loading settings file "C:\Program Files (x86)\Nox\bin\data\system\base.vbox" with version "1.12-windows"
00:00:00.022000          Loading settings file "C:\Program Files (x86)\Nox\bin\BignoxVMS\nox\nox.vbox" with version "1.12-windows"
00:00:00.599500          WARNING [COM]: aRC=E_FAIL (0x80004005) aIID={6b39d377-f490-4341-b660-1fd60f9a992b} aComponent={Host} aText={Could not load the Host USB Proxy Service (VERR_FILE_NOT_FOUND). The service might not be installed on the host computer}, preserve=true 
