2017.5.1 09:21:43:094 install pack start
2017.5.1 09:21:43:100 Versions£º3.8.1.3
2017.5.1 09:21:43:443 memsize:17071£¬cpu_type:586,freedisksize:98799,cpu_core_num:4
2017.5.1 09:21:43:444 Check Authority path£ºC:\Program Files (x86)\Nox_test
2017.5.1 09:21:43:615 glGetString start
2017.5.1 09:21:43:615 glGetString completed
2017.5.1 09:21:43:615 OpenGL Version:4.4.0 - Build 10.18.15.4279
2017.5.1 09:21:45:235 real install path£ºC:\Program Files (x86)\Nox
2017.5.1 09:21:45:250 Start Extract File
2017.5.1 09:21:45:252 Extract file path:C:\Users\user\AppData\Local\NoxInsPackFileder\NoxInsPack1493601703, install pathC:\Program Files (x86)\Nox
2017.5.1 09:21:45:255 Un7z start
2017.5.1 09:21:50:281 Start Extract file path:C:\Program Files (x86)\Nox\bin\base-disk1, install pathC:\Program Files (x86)\Nox\bin\data\system
2017.5.1 09:22:01:828 un7z_tool return:0
2017.5.1 09:22:01:828 Start Extract file path:C:\Program Files (x86)\Nox\bin\base-disk2, install pathC:\Program Files (x86)\Nox\bin\data\system
2017.5.1 09:22:04:469 un7z_tool return:0
2017.5.1 09:22:04:469 Un7z end
2017.5.1 09:22:16:769 delete vbox config path£ºC:\Users\user\.BigNox
2017.5.1 09:22:26:653 vbox install end
2017.5.1 09:22:26:947 Create ShortCut
2017.5.1 09:22:26:947 Ensure File Security Successful
2017.5.1 09:22:26:948 Register success
2017.5.1 09:22:26:948 Net Wall:C:\Program Files (x86)\Nox\bin\Nox.exe
2017.5.1 09:22:26:948 add nox=2
2017.5.1 09:22:26:948 add vm=2
2017.5.1 09:22:29:053 start Param:"C:\Program Files (x86)\Nox\bin\Nox.exe" 
