********************************************************************************
**** Starting ASP.NET Setup at: 2016-07-25 10:30:24
**** Registering ASP.NET isapi: C:\Windows\Microsoft.NET\Framework\v4.0.30319\aspnet_isapi.dll
**** Internal flags: 0x00000404
********************************************************************************

2016-07-25 10:30:24	Starting	Stopping service: aspnet_state
2016-07-25 10:30:24		Starting	Connecting to Service Manager
2016-07-25 10:30:24		Success 	Connecting to Service Manager
2016-07-25 10:30:24		Starting	Opening Service handle
2016-07-25 10:30:24		Success 	Opening Service handle
2016-07-25 10:30:24		Starting	Stopping service
2016-07-25 10:30:24			Starting	Finding out service state
2016-07-25 10:30:24			Success 	Finding out service state
2016-07-25 10:30:24			Starting	Shutting down service
2016-07-25 10:30:24			Success 	Shutting down service
2016-07-25 10:30:24			Starting	Waiting for service to shut down
2016-07-25 10:30:24			Success 	Waiting for service to shut down
2016-07-25 10:30:24		Success 	Stopping service
2016-07-25 10:30:24	Success 	Stopping service: aspnet_state
2016-07-25 10:30:24	Starting	Changing IIS ApplicationHost.config
2016-07-25 10:30:24	Success 	Changing IIS ApplicationHost.config
2016-07-25 10:30:24	Starting	Registering the Asp.Net Event log source
2016-07-25 10:30:24	Success 	Registering the Asp.Net Event log source
2016-07-25 10:30:24	Starting	Determining if current ASP.NET isapi has the highest version
2016-07-25 10:30:24	Success 	Determining if current ASP.NET isapi has the highest version
2016-07-25 10:30:24	Starting	Installing WMI file:aspnet.mof
2016-07-25 10:30:24	Success 	Installing WMI file:aspnet.mof
2016-07-25 10:30:24	Starting	Setting ACLs on dirs and WMI
2016-07-25 10:30:24		Starting	Getting location of Temporary ASP.Net directory
2016-07-25 10:30:24		Success 	Getting location of Temporary ASP.Net directory
2016-07-25 10:30:24		Starting	Setting ACLs on Temporary ASP.Net directory
2016-07-25 10:30:24		Success 	Setting ACLs on Temporary ASP.Net directory
2016-07-25 10:30:24		Starting	Setting ACLs on install root directory
2016-07-25 10:30:24		Success 	Setting ACLs on install root directory
2016-07-25 10:30:24		Starting	Setting ACLs on config directory
2016-07-25 10:30:24		Success 	Setting ACLs on config directory
2016-07-25 10:30:24		Starting	Grant access to WMI namespace: root\aspnet
2016-07-25 10:30:24		Success 	Grant access to WMI namespace: root\aspnet
2016-07-25 10:30:24	Success 	Setting ACLs on dirs and WMI
2016-07-25 10:30:24	Starting	Install the ASP.NET Performance counters
2016-07-25 10:30:24	Success 	Install the ASP.NET Performance counters
2016-07-25 10:30:24	Starting	Install common performance counters
2016-07-25 10:30:26	Success 	Install common performance counters
2016-07-25 10:30:26	Starting	Starting service: aspnet_state
2016-07-25 10:30:26	Success 	Starting service: aspnet_state
